SF:src\MandMath.jl
LH:0
LF:0
end_of_record
SF:src\constants.jl
LH:0
LF:0
end_of_record
SF:src\functions.jl
DA:22,4
DA:23,5
DA:24,5
DA:25,8
DA:26,1
DA:28,13
DA:29,2
DA:32,5
DA:33,4
DA:36,2
DA:37,2
DA:40,1
DA:41,1
DA:42,2
DA:43,1
DA:44,1
DA:45,1
DA:46,1
DA:47,1
DA:48,1
DA:49,1
DA:51,1
DA:52,0
DA:54,0
DA:60,0
DA:61,0
DA:63,0
DA:65,0
DA:66,0
DA:67,0
DA:68,0
DA:70,0
DA:71,0
DA:73,0
DA:75,0
DA:77,0
DA:78,0
DA:79,0
DA:80,0
DA:82,0
DA:85,0
DA:88,3
DA:89,3
DA:90,2
DA:91,2
DA:93,1
DA:97,2
DA:98,2
DA:99,2
DA:100,2
DA:101,2
DA:102,2
DA:103,2
DA:104,0
DA:106,2
DA:107,2
DA:108,2
DA:109,2
DA:112,1
DA:113,1
DA:114,1
DA:115,1
DA:116,1
DA:117,1
DA:118,0
DA:120,1
DA:121,1
DA:122,1
DA:123,1
DA:124,1
DA:130,0
DA:131,0
DA:133,1
DA:136,1
DA:137,1
DA:138,1
DA:139,1
DA:140,1
DA:141,1
DA:142,1
DA:143,1
DA:144,0
DA:145,0
DA:146,0
DA:147,0
DA:148,1
DA:150,1
DA:151,1
DA:152,2
DA:156,0
DA:157,0
DA:158,0
DA:159,0
DA:161,1
DA:162,1
DA:164,1
LH:65
LF:96
end_of_record
SF:src\grid.jl
DA:26,15
DA:27,8
DA:31,4
DA:32,6
DA:33,6
DA:34,6
DA:35,7
DA:36,6
DA:37,6
DA:38,6
DA:39,6
DA:40,7
DA:41,6
DA:42,4
DA:45,4
DA:46,4
DA:48,4
DA:50,4
DA:51,4
DA:52,4
DA:53,4
DA:54,4
DA:56,8
DA:57,0
DA:59,8
DA:60,0
DA:62,8
DA:63,0
DA:65,8
DA:66,0
DA:68,8
DA:69,0
DA:72,4
DA:74,4
DA:76,4
DA:77,4604
DA:78,4600000
DA:79,4604596
DA:80,4
DA:85,0
DA:86,0
DA:87,0
DA:88,0
DA:89,0
DA:90,0
DA:91,0
DA:92,0
DA:93,0
DA:94,0
DA:95,0
DA:96,0
DA:97,0
DA:98,0
DA:99,0
DA:100,0
DA:101,0
DA:102,0
DA:103,0
DA:104,0
DA:105,0
DA:106,0
DA:107,0
DA:108,0
DA:109,0
DA:110,0
DA:112,0
DA:113,0
DA:114,0
DA:116,0
DA:117,0
DA:119,0
DA:120,0
DA:122,0
DA:123,0
DA:125,0
DA:126,0
DA:127,0
DA:128,0
DA:130,0
DA:131,0
DA:132,0
DA:134,0
DA:135,0
DA:136,0
DA:139,0
DA:140,0
DA:142,0
DA:145,0
DA:148,0
DA:149,0
DA:152,0
DA:154,0
DA:155,0
DA:156,0
DA:157,0
DA:160,0
DA:163,0
DA:166,0
DA:169,0
DA:172,0
DA:175,0
DA:177,0
DA:181,0
LH:34
LF:103
end_of_record
